<?xml version="1.0" encoding="UTF-8"?><testrun name="ComprasTest" project="DBServer.Ramon.com" tests="1" started="1" failures="0" errors="1" ignored="0">
  <testsuite name="tests.ComprasTest" time="0.044">
    <testcase name="RealizarCompra" classname="tests.ComprasTest" time="0.044">
      <error>java.lang.IllegalStateException: The driver executable does not exist: C:\Users\RamonFelipeAlvesdeAr\Documents\AutomationProjects\DBServer\DBServer.Ramon.com\..\src\test\resources\drivers\chromedriver.exe&#13;
	at com.google.common.base.Preconditions.checkState(Preconditions.java:585)&#13;
	at org.openqa.selenium.remote.service.DriverService.checkExecutable(DriverService.java:136)&#13;
	at org.openqa.selenium.remote.service.DriverService.findExecutable(DriverService.java:131)&#13;
	at org.openqa.selenium.chrome.ChromeDriverService.access$000(ChromeDriverService.java:33)&#13;
	at org.openqa.selenium.chrome.ChromeDriverService$Builder.findDefaultExecutable(ChromeDriverService.java:139)&#13;
	at org.openqa.selenium.remote.service.DriverService$Builder.build(DriverService.java:335)&#13;
	at org.openqa.selenium.chrome.ChromeDriverService.createDefaultService(ChromeDriverService.java:89)&#13;
	at org.openqa.selenium.chrome.ChromeDriver.&lt;init&gt;(ChromeDriver.java:123)&#13;
	at driver.DriverFactory.SetDriver(DriverFactory.java:22)&#13;
	at driver.DriverFactory.GetDriver(DriverFactory.java:14)&#13;
	at base.BasePage.GoTo(BasePage.java:8)&#13;
	at pages.HomePage.GoTo(HomePage.java:8)&#13;
	at tests.ComprasTest.RealizarCompra(ComprasTest.java:11)&#13;
	at sun.reflect.NativeMethodAccessorImpl.invoke0(Native Method)&#13;
	at sun.reflect.NativeMethodAccessorImpl.invoke(Unknown Source)&#13;
	at sun.reflect.DelegatingMethodAccessorImpl.invoke(Unknown Source)&#13;
	at java.lang.reflect.Method.invoke(Unknown Source)&#13;
	at org.junit.runners.model.FrameworkMethod$1.runReflectiveCall(FrameworkMethod.java:50)&#13;
	at org.junit.internal.runners.model.ReflectiveCallable.run(ReflectiveCallable.java:12)&#13;
	at org.junit.runners.model.FrameworkMethod.invokeExplosively(FrameworkMethod.java:47)&#13;
	at org.junit.internal.runners.statements.InvokeMethod.evaluate(InvokeMethod.java:17)&#13;
	at org.junit.runners.ParentRunner.runLeaf(ParentRunner.java:325)&#13;
	at org.junit.runners.BlockJUnit4ClassRunner.runChild(BlockJUnit4ClassRunner.java:78)&#13;
	at org.junit.runners.BlockJUnit4ClassRunner.runChild(BlockJUnit4ClassRunner.java:57)&#13;
	at org.junit.runners.ParentRunner$3.run(ParentRunner.java:290)&#13;
	at org.junit.runners.ParentRunner$1.schedule(ParentRunner.java:71)&#13;
	at org.junit.runners.ParentRunner.runChildren(ParentRunner.java:288)&#13;
	at org.junit.runners.ParentRunner.access$000(ParentRunner.java:58)&#13;
	at org.junit.runners.ParentRunner$2.evaluate(ParentRunner.java:268)&#13;
	at org.junit.runners.ParentRunner.run(ParentRunner.java:363)&#13;
	at org.eclipse.jdt.internal.junit4.runner.JUnit4TestReference.run(JUnit4TestReference.java:89)&#13;
	at org.eclipse.jdt.internal.junit.runner.TestExecution.run(TestExecution.java:41)&#13;
	at org.eclipse.jdt.internal.junit.runner.RemoteTestRunner.runTests(RemoteTestRunner.java:541)&#13;
	at org.eclipse.jdt.internal.junit.runner.RemoteTestRunner.runTests(RemoteTestRunner.java:763)&#13;
	at org.eclipse.jdt.internal.junit.runner.RemoteTestRunner.run(RemoteTestRunner.java:463)&#13;
	at org.eclipse.jdt.internal.junit.runner.RemoteTestRunner.main(RemoteTestRunner.java:209)&#13;
&#13;
</error>
    </testcase>
  </testsuite>
</testrun>
